beep 1551349413.539005 1551349414.469203
P007 1551349436.617639 1551349439.641317
A075 1551349441.659586 1551349441.660686
P045 1551349443.685174 1551349446.712024
P101 1551349448.731373 1551349451.758080
H022 1551349453.776677 1551349453.777939
A100 1551349455.800357 1551349458.831927
H077 1551349460.859689 1551349463.884118
P130 1551349465.905197 1551349468.941488
A041 1551349470.959352 1551349470.960653
P067 1551349472.976812 1551349476.022081
anger_a_01 1551349507.611761 1551349530.662255
anger_a_02 1551349530.662255 1551349531.707812
anger_a_03 1551349531.707812 1551349532.739190
anger_a_04 1551349532.739190 1551349533.767332
anger_a_05 1551349533.767332 1551349534.797758
anger_a_06 1551349534.797758 1551349535.828439
anger_a_07 1551349535.828439 1551349536.857004
anger_a_08 1551349536.857004 1551349537.887488
anger_a_09 1551349537.887488 1551349538.918645
anger_a_10 1551349538.918645 1551349539.948418
anger_a_11 1551349539.948418 1551349540.975800
num_1 1551349541.801490 1551349553.836883
happiness_b_01 1551349554.421060 1551349567.370588
happiness_b_02 1551349567.370588 1551349568.415108
happiness_b_03 1551349568.415108 1551349569.442489
happiness_b_04 1551349569.442489 1551349570.467177
happiness_b_05 1551349570.467177 1551349571.493528
happiness_b_06 1551349571.493528 1551349572.524168
happiness_b_07 1551349572.524168 1551349573.551325
happiness_b_08 1551349573.551325 1551349574.579233
happiness_b_09 1551349574.579233 1551349575.606447
happiness_b_10 1551349575.606447 1551349576.628855
happiness_b_11 1551349576.628855 1551349577.657687
num_2 1551349578.514707 1551349590.549410
anger_c_01 1551349591.137377 1551349606.189405
anger_c_02 1551349606.189405 1551349607.228075
anger_c_03 1551349607.228075 1551349608.256348
anger_c_04 1551349608.256348 1551349609.286935
anger_c_05 1551349609.286935 1551349610.316117
anger_c_06 1551349610.316117 1551349611.344779
anger_c_07 1551349611.344779 1551349612.373895
anger_c_08 1551349612.373895 1551349613.400703
anger_c_09 1551349613.400703 1551349614.428060
anger_c_10 1551349614.428060 1551349615.455398
anger_c_11 1551349615.455398 1551349616.482298
num_3 1551349617.305092 1551349629.342608
happiness_d_01 1551349629.932241 1551349641.991946
happiness_d_02 1551349641.991946 1551349643.034463
happiness_d_03 1551349643.034463 1551349644.066773
happiness_d_04 1551349644.066773 1551349645.096309
happiness_d_05 1551349645.096309 1551349646.125343
happiness_d_06 1551349646.125343 1551349647.151711
happiness_d_07 1551349647.151711 1551349648.177995
happiness_d_08 1551349648.177995 1551349649.204588
happiness_d_09 1551349649.204588 1551349650.231152
happiness_d_10 1551349650.231152 1551349651.257971
happiness_d_11 1551349651.257971 1551349652.286969
num_4 1551349653.118211 1551349665.170429
happiness_e_01 1551349665.758598 1551349684.801206
happiness_e_02 1551349684.801206 1551349685.864048
happiness_e_03 1551349685.864048 1551349686.892886
happiness_e_04 1551349686.892886 1551349687.921443
happiness_e_05 1551349687.921443 1551349688.958280
happiness_e_06 1551349688.958280 1551349689.989325
happiness_e_07 1551349689.989325 1551349691.024962
happiness_e_08 1551349691.024962 1551349692.054192
happiness_e_09 1551349692.054192 1551349693.080327
happiness_e_10 1551349693.080327 1551349694.109191
happiness_e_11 1551349694.109191 1551349695.137933
num_5 1551349695.948847 1551349707.981520
sadness_f_01 1551349708.567365 1551349740.630671
sadness_f_02 1551349740.630671 1551349741.672136
sadness_f_03 1551349741.672136 1551349742.702574
sadness_f_04 1551349742.702574 1551349743.732990
sadness_f_05 1551349743.732990 1551349744.760936
sadness_f_06 1551349744.760936 1551349745.791144
sadness_f_07 1551349745.791144 1551349746.820795
sadness_f_08 1551349746.820795 1551349747.846444
sadness_f_09 1551349747.846444 1551349748.872654
sadness_f_10 1551349748.872654 1551349749.901615
sadness_f_11 1551349749.901615 1551349750.928575
num_6 1551349751.740052 1551349763.780924
sadness_g_01 1551349764.382282 1551349789.678390
sadness_g_02 1551349789.678390 1551349790.720677
sadness_g_03 1551349790.720677 1551349791.749832
sadness_g_04 1551349791.749832 1551349792.776391
sadness_g_05 1551349792.776391 1551349793.805513
sadness_g_06 1551349793.805513 1551349794.834234
sadness_g_07 1551349794.834234 1551349795.863398
sadness_g_08 1551349795.863398 1551349796.894708
sadness_g_09 1551349796.894708 1551349797.921960
sadness_g_10 1551349797.921960 1551349798.953104
sadness_g_11 1551349798.953104 1551349799.982065
num_7 1551349800.808787 1551349812.843909
anger_h_01 1551349813.447788 1551349832.474384
anger_h_02 1551349832.474384 1551349833.536570
anger_h_03 1551349833.536570 1551349834.566189
anger_h_04 1551349834.566189 1551349835.595233
anger_h_05 1551349835.595233 1551349836.621044
anger_h_06 1551349836.621044 1551349837.648652
anger_h_07 1551349837.648652 1551349838.678040
anger_h_08 1551349838.678040 1551349839.710949
anger_h_09 1551349839.710949 1551349840.738415
anger_h_10 1551349840.738415 1551349841.764494
anger_h_11 1551349841.764494 1551349842.792440
num_8 1551349843.615187 1551349855.651663
sadness_i_01 1551349856.237399 1551349866.281669
sadness_i_02 1551349866.281669 1551349867.340843
sadness_i_03 1551349867.340843 1551349868.371414
sadness_i_04 1551349868.371414 1551349869.399358
sadness_i_05 1551349869.399358 1551349870.429947
sadness_i_06 1551349870.429947 1551349871.462986
sadness_i_07 1551349871.462986 1551349872.491012
sadness_i_08 1551349872.491012 1551349873.516643
sadness_i_09 1551349873.516643 1551349874.544786
sadness_i_10 1551349874.544786 1551349875.582072
sadness_i_11 1551349875.582072 1551349876.606447
num_9 1551349877.436155 1551349889.468194
sadness_j_01 1551349890.047636 1551349927.314927
sadness_j_02 1551349927.314927 1551349928.354788
sadness_j_03 1551349928.354788 1551349929.381326
sadness_j_04 1551349929.381326 1551349930.408597
sadness_j_05 1551349930.408597 1551349931.438119
sadness_j_06 1551349931.438119 1551349932.464596
sadness_j_07 1551349932.464596 1551349933.505173
sadness_j_08 1551349933.505173 1551349934.531632
sadness_j_09 1551349934.531632 1551349935.563855
sadness_j_10 1551349935.563855 1551349936.592843
sadness_j_11 1551349936.592843 1551349937.621839
num_10 1551349938.446848 1551349950.480694
